<?xml version="1.0" encoding="UTF-8"?>
<!-- Generated by org.testng.reporters.JUnitXMLReporter -->
<testsuite ignored="0" hostname="nirav-Inspiron-3558" failures="1" tests="2" name="Test" time="15.545" errors="0" timestamp="2021-09-25T15:22:37 IST">
  <testcase classname="loginpagetest.TestLoginPage" name="testLoginWithValidCredential" time="3.347">
    <failure type="java.lang.AssertionError" message="expected [true] but found [false]">
      <![CDATA[java.lang.AssertionError: expected [true] but found [false]
at loginpagetest.TestLoginPage.testLoginWithValidCredential(TestLoginPage.java:39)
at java.base/java.util.ArrayList.forEach(ArrayList.java:1511)
... Removed 31 stack frames]]>
    </failure>
  </testcase> <!-- testLoginWithValidCredential -->
  <testcase classname="loginpagetest.TestLoginPage" name="testLoginWithInvalidCredential" time="0.911"/>
</testsuite> <!-- Test -->
